<?xml version="1.0" encoding="UTF-8"?>
<!-- Generated by org.testng.reporters.JUnitReportReporter -->
<testsuite hostname="DM" failures="0" tests="1" name="demo.BaseTest" time="4.483" errors="0" timestamp="2024-06-09T16:00:06 IST" skipped="0">
  <testcase classname="demo.BaseTest" name="Login" time="4.483"/>
</testsuite> <!-- demo.BaseTest -->
